Run gradle/gradle-build-action@v3
Run gradle/actions/setup-gradle@v3.5.0
Merged default JDK locations into /home/runner/.m2/toolchains.xml
Restore Gradle state from cache
Provision Gradle 8.7
/home/runner/gradle-installations/installs/gradle-8.7/bin/gradle :app:assembleDebug
Welcome to Gradle 8.7!
Here are the highlights of this release:
 - Compiling and testing with Java 22
 - Cacheable Groovy script compilation
 - New methods in lazy collection properties
For more details see https://docs.gradle.org/8.7/release-notes.html
Starting a Gradle Daemon (subsequent builds will be faster)
> Task :app:preBuild UP-TO-DATE
> Task :app:preDebugBuild UP-TO-DATE
> Task :app:mergeDebugNativeDebugMetadata NO-SOURCE
> Task :app:checkKotlinGradlePluginConfigurationErrors
> Task :app:checkDebugAarMetadata
> Task :app:generateDebugResValues
> Task :app:mapDebugSourceSetPaths
> Task :app:generateDebugResources
> Task :app:packageDebugResources
> Task :app:mergeDebugResources
> Task :app:createDebugCompatibleScreenManifests
> Task :app:extractDeepLinksDebug
> Task :app:parseDebugLocalResources
> Task :app:processDebugMainManifest
> Task :app:processDebugManifest
> Task :app:javaPreCompileDebug
> Task :app:mergeDebugShaders
> Task :app:compileDebugShaders NO-SOURCE
> Task :app:generateDebugAssets UP-TO-DATE
> Task :app:mergeDebugAssets
> Task :app:compressDebugAssets
> Task :app:desugarDebugFileDependencies
> Task :app:processDebugManifestForPackage
> Task :app:checkDebugDuplicateClasses
> Task :app:mergeDebugStartupProfile
> Task :app:processDebugResources
> Task :app:mergeExtDexDebug
WARNING: /home/runner/.gradle/caches/transforms-4/1045e4312e43b0482d238637fcdde832/transformed/play-services-location-21.3.0-runtime.jar: D8: The companion object Companion could not be found in class com.google.android.gms.internal.location.zze
> Task :app:l8DexDesugarLibDebug
> Task :app:mergeDebugJniLibFolders
> Task :app:mergeLibDexDebug
> Task :app:mergeDebugNativeLibs
> Task :app:validateSigningDebug
> Task :app:writeDebugAppMetadata
> Task :app:writeDebugSigningConfigVersions
> Task :app:stripDebugDebugSymbols
Unable to strip the following libraries, packaging them as they are: libandroidx.graphics.path.so, libdatastore_shared_counter.so.
> Task :app:kaptGenerateStubsDebugKotlin FAILED
e: file:///home/runner/work/mm/mm/app/src/main/java/com/example/islamicapp/ui/screens/HomeScreen.kt:1492:2 Expecting '}'
FAILURE: Build failed with an exception.
* What went wrong:
Execution failed for task ':app:kaptGenerateStubsDebugKotlin'.
> A failure occurred while executing org.jetbrains.kotlin.compilerRunner.GradleCompilerRunnerWithWorkers$GradleKotlinCompilerWorkAction
   > Compilation error. See log for more details
* Try:
> Run with --stacktrace option to get the stack trace.
> Run with --info or --debug option to get more log output.
> Run with --scan to get full insights.
> Get more help at https://help.gradle.org.
BUILD FAILED in 5m 42s
31 actionable tasks: 31 executed
Error: Gradle build failed: see console output for details
0s
6s
Post job cleanup.
Post job cleanup.
Warning: This job uses deprecated functionality from the 'gradle/gradle-build-action' action. Consult the Job Summary for more details.
DEPRECATION: The action `gradle/gradle-build-action` has been replaced by `gradle/actions/setup-gradle`. See https://github.com/gradle/actions/blob/main/docs/deprecation-upgrade-guide.md#the-action-gradlegradle-build-action-has-been-replaced-by-gradleactionssetup-gradle
DEPRECATION: Using the action to execute Gradle via the `arguments` parameter is deprecated. See https://github.com/gradle/actions/blob/main/docs/deprecation-upgrade-guide.md#using-the-action-to-execute-gradle-via-the-arguments-parameter-is-deprecated
In post-action step
Stopping all Gradle daemons before saving Gradle User Home state
Stopping Gradle daemons for /home/runner/gradle-installations/installs/gradle-8.7
/home/runner/gradle-installations/installs/gradle-8.7/bin/gradle --stop
Stopping Daemon(s)
1 Daemon stopped
Caching Gradle state
  Caching generated-gradle-jars with path '/home/runner/.gradle/caches/8.7/generated-gradle-jars/gradle-api-8.7.jar' and cache key: gradle-generated-gradle-jars-v1-d6d47bedd9337a0be6f3a426277e63ee
  /usr/bin/tar --posix -cf cache.tzst --exclude cache.tzst -P -C /home/runner/work/mm/mm --files-from manifest.txt --use-compress-program zstdmt
  Caching dependencies with path '/home/runner/.gradle/caches/modules-*/files-*/*/*/*/*' and cache key: gradle-dependencies-v1-576511fc8b479d61d9621bfec508ad98
  Caching instrumented-jars with path '/home/runner/.gradle/caches/jars-*/*/' and cache key: gradle-instrumented-jars-v1-2b1406f03e5d68e4f5786f9c71d76e99
  Caching kotlin-dsl with path '/home/runner/.gradle/caches/*/kotlin-dsl/accessors/*/
  /home/runner/.gradle/caches/*/kotlin-dsl/scripts/*/' and cache key: gradle-kotlin-dsl-v1-7792276cbf82f4ce8c27648d9fdc6bbc
  /usr/bin/tar --posix -cf cache.tzst --exclude cache.tzst -P -C /home/runner/work/mm/mm --files-from manifest.txt --use-compress-program zstdmt
  Caching groovy-dsl with path '/home/runner/.gradle/caches/*/groovy-dsl/*/' and cache key: gradle-groovy-dsl-v1-571862c491b3f8e35c2103eb590b4c52
  /usr/bin/tar --posix -cf cache.tzst --exclude cache.tzst -P -C /home/runner/work/mm/mm --files-from manifest.txt --use-compress-program zstdmt
  Warning: Failed to save cache entry with path '/home/runner/.gradle/caches/jars-*/*/' and key: gradle-instrumented-jars-v1-2b1406f03e5d68e4f5786f9c71d76e99: Error: <h2>Our services aren't available right now</h2><p>We're working to restore all services as soon as possible. Please check back soon.</p>0QeltaQAAAAC7/rtfJ5luQrAIlMIokiSOUEhMMzBFREdFMDEwNgBFZGdl
  /usr/bin/tar --posix -cf cache.tzst --exclude cache.tzst -P -C /home/runner/work/mm/mm --files-from manifest.txt --use-compress-program zstdmt
  Warning: Failed to save cache entry with path '/home/runner/.gradle/caches/8.7/generated-gradle-jars/gradle-api-8.7.jar' and key: gradle-generated-gradle-jars-v1-d6d47bedd9337a0be6f3a426277e63ee: Error: <h2>Our services aren't available right now</h2><p>We're working to restore all services as soon as possible. Please check back soon.</p>0QeltaQAAAACbRqRkbSZtQbEOjKSh/VCsUEhMMzBFREdFMDIxNgBFZGdl
  Warning: Failed to save cache entry with path '/home/runner/.gradle/caches/*/kotlin-dsl/accessors/*/
  /home/runner/.gradle/caches/*/kotlin-dsl/scripts/*/' and key: gradle-kotlin-dsl-v1-7792276cbf82f4ce8c27648d9fdc6bbc: Error: <h2>Our services aren't available right now</h2><p>We're working to restore all services as soon as possible. Please check back soon.</p>0QeltaQAAAABamEjWOLstT470SEizOCvEUEhMMzBFREdFMDQxNgBFZGdl
  Warning: Failed to save cache entry with path '/home/runner/.gradle/caches/*/groovy-dsl/*/' and key: gradle-groovy-dsl-v1-571862c491b3f8e35c2103eb590b4c52: Error: <h2>Our services aren't available right now</h2><p>We're working to restore all services as soon as possible. Please check back soon.</p>0QeltaQAAAABNuChbN7gaT62LxZKify+5UEhMMzBFREdFMDIxOQBFZGdl
  Caching transforms with path '/home/runner/.gradle/caches/transforms-4/*/
  /home/runner/.gradle/caches/*/transforms/*/' and cache key: gradle-transforms-v1-dd707494af8c2d106a20baa623ba13e7
  /usr/bin/tar --posix -cf cache.tzst --exclude cache.tzst -P -C /home/runner/work/mm/mm --files-from manifest.txt --use-compress-program zstdmt
  /usr/bin/tar --posix -cf cache.tzst --exclude cache.tzst -P -C /home/runner/work/mm/mm --files-from manifest.txt --use-compress-program zstdmt
  Warning: Failed to save cache entry with path '/home/runner/.gradle/caches/modules-*/files-*/*/*/*/*' and key: gradle-dependencies-v1-576511fc8b479d61d9621bfec508ad98: Error: <h2>Our services aren't available right now</h2><p>We're working to restore all services as soon as possible. Please check back soon.</p>0QultaQAAAACjz9SvccCLQb2oN0RjmxP4UEhMMzBFREdFMDQxNgBFZGdl
  Warning: Failed to save cache entry with path '/home/runner/.gradle/caches/transforms-4/*/
  /home/runner/.gradle/caches/*/transforms/*/' and key: gradle-transforms-v1-dd707494af8c2d106a20baa623ba13e7: Error: <h2>Our services aren't available right now</h2><p>We're working to restore all services as soon as possible. Please check back soon.</p>0ROltaQAAAAAVVgZf/bkRRqaDbNwLc3G/UEhMMzBFREdFMDIyMQBFZGdl
  Caching Gradle User Home with cache key: gradle-home-v1|Linux|build[950eaec8589fb4acbb839cd2eb2eeef7]-191ca1c9f1e6d8c8f673ed32dde7c69e1c28725f
  /usr/bin/tar --posix -cf cache.tzst --exclude cache.tzst -P -C /home/runner/work/mm/mm --files-from manifest.txt --use-compress-program zstdmt